2020-09-27 19:41:00,127 - instabot version: 0.117.0 (bot) - INFO - Instabot version: 0.117.0 Started
2020-09-27 19:41:00,128 - instabot version: 0.117.0 (bot) - DEBUG - Bot imported from /Users/Apple/opt/anaconda3/lib/python3.8/site-packages/instabot/bot/bot.py
2020-09-27 19:41:00,129 - instabot version: 0.117.0 (api_login) - DEBUG - Loading cookies
2020-09-27 19:41:00,130 - instabot version: 0.117.0 (api_login) - DEBUG - Loading uuids
2020-09-27 19:41:00,130 - instabot version: 0.117.0 (api_login) - INFO - Recovery from /Users/Apple/Desktop/HereWeGo/config/HereWeGo.SIK_uuid_and_cookie.json: COOKIE True - UUIDs True - TIMING, DEVICE and ...
- user-agent=Instagram 117.0.0.28.123 Android (28/9.0; 420dpi; 1080x1920; OnePlus; ONEPLUS A3003; OnePlus3; qcom; en_US; 180322800)
- phone_id=06d40147-d40c-4d73-b4b2-b6ad0dbd3c80
- uuid=38d01e76-77ac-4d1a-a0ac-8f213ab34f36
- client_session_id=2b8b48df-2a11-4f74-9ec1-68fd4a67fba6
- device_id=android-123455c489cdb6b6
2020-09-27 19:41:00,139 - instabot version: 0.117.0 (api_login) - INFO - LOGIN FLOW! Just logged-in: False
2020-09-27 19:41:01,245 - instabot version: 0.117.0 (api) - DEBUG - POST to endpoint: feed/timeline/ returned response: <Response [200]>
2020-09-27 19:41:01,759 - instabot version: 0.117.0 (api) - DEBUG - POST to endpoint: feed/reels_tray/ returned response: <Response [200]>
2020-09-27 19:41:01,769 - instabot version: 0.117.0 (api) - INFO - Logged-in successfully as 'HereWeGo.SIK'!
2020-09-27 19:41:01,769 - instabot version: 0.117.0 (bot_checkpoint) - DEBUG - Loading Checkpoint file from: /Users/Apple/Desktop/HereWeGo/config/HereWeGo.SIK.checkpoint
2020-09-27 19:44:48,982 - instabot version: 0.117.0 (api) - DEBUG - POST to endpoint: media/configure/? returned response: <Response [200]>
2020-09-27 19:44:49,315 - instabot version: 0.117.0 (api) - DEBUG - POST to endpoint: qe/expose/ returned response: <Response [200]>
2020-09-27 19:44:49,315 - instabot version: 0.117.0 (bot_photo) - INFO - Photo '/Users/Apple/Desktop/HereWeGo/instagram/2020-09-26_21-08-09_UTC.jpg' is uploaded.
2020-09-27 19:45:12,223 - instabot version: 0.117.0 (api) - DEBUG - POST to endpoint: media/configure/? returned response: <Response [200]>
2020-09-27 19:45:13,062 - instabot version: 0.117.0 (api) - DEBUG - POST to endpoint: qe/expose/ returned response: <Response [200]>
2020-09-27 19:45:13,063 - instabot version: 0.117.0 (bot_photo) - INFO - Photo '/Users/Apple/Desktop/HereWeGo/instagram/2020-09-26_22-27-26_UTC.jpg' is uploaded.
2020-09-27 19:45:13,089 - instabot version: 0.117.0 (bot_checkpoint) - DEBUG - Saving Checkpoint file to: /Users/Apple/Desktop/HereWeGo/config/HereWeGo.SIK.checkpoint
2020-09-27 19:45:13,091 - instabot version: 0.117.0 (bot) - INFO - Total requests: 45
2020-09-27 19:45:13,092 - instabot version: 0.117.0 (bot_checkpoint) - DEBUG - Saving Checkpoint file to: /Users/Apple/Desktop/HereWeGo/config/HereWeGo.SIK.checkpoint
2020-09-27 19:45:13,092 - instabot version: 0.117.0 (bot) - INFO - Total requests: 49
