2020-09-27 12:34:15,211 - instabot version: 0.117.0 (bot) - INFO - Instabot version: 0.117.0 Started
2020-09-27 12:34:15,211 - instabot version: 0.117.0 (bot) - DEBUG - Bot imported from /Users/Apple/opt/anaconda3/lib/python3.8/site-packages/instabot/bot/bot.py
2020-09-27 12:34:15,212 - instabot version: 0.117.0 (api_login) - INFO - Not yet logged in starting: PRE-LOGIN FLOW!
2020-09-27 12:34:15,666 - instabot version: 0.117.0 (api) - DEBUG - POST to endpoint: accounts/get_prefill_candidates/ returned response: <Response [200]>
2020-09-27 12:34:16,075 - instabot version: 0.117.0 (api) - DEBUG - POST to endpoint: qe/sync/ returned response: <Response [200]>
2020-09-27 12:34:16,492 - instabot version: 0.117.0 (api) - DEBUG - POST to endpoint: launcher/sync/ returned response: <Response [200]>
2020-09-27 12:34:16,892 - instabot version: 0.117.0 (api) - DEBUG - POST to endpoint: accounts/contact_point_prefill/ returned response: <Response [200]>
2020-09-27 12:34:18,643 - instabot version: 0.117.0 (api) - DEBUG - POST to endpoint: accounts/login/ returned response: <Response [200]>
2020-09-27 12:34:18,643 - instabot version: 0.117.0 (api) - INFO - Logged-in successfully as 'HereWeGo.SIK'!
2020-09-27 12:34:18,643 - instabot version: 0.117.0 (api_login) - INFO - LOGIN FLOW! Just logged-in: True
2020-09-27 12:34:19,010 - instabot version: 0.117.0 (api) - DEBUG - POST to endpoint: qe/sync/ returned response: <Response [200]>
2020-09-27 12:34:19,663 - instabot version: 0.117.0 (api) - DEBUG - POST to endpoint: launcher/sync/ returned response: <Response [200]>
2020-09-27 12:34:20,071 - instabot version: 0.117.0 (api) - DEBUG - GET to endpoint: zr/token/result/?device_id=android-123455c489cdb6b6&token_hash=&custom_device_id=android-123455c489cdb6b6&fetch_reason=token_expired returned response: <Response [200]>
2020-09-27 12:34:20,488 - instabot version: 0.117.0 (api) - DEBUG - GET to endpoint: multiple_accounts/get_account_family/ returned response: <Response [200]>
2020-09-27 12:34:20,890 - instabot version: 0.117.0 (api) - DEBUG - POST to endpoint: qe/sync/ returned response: <Response [200]>
2020-09-27 12:34:21,345 - instabot version: 0.117.0 (api) - DEBUG - GET to endpoint: igtv/browse_feed/?prefetch=1 returned response: <Response [200]>
2020-09-27 12:34:21,711 - instabot version: 0.117.0 (api) - DEBUG - POST to endpoint: creatives/ar_class/ returned response: <Response [200]>
2020-09-27 12:34:22,221 - instabot version: 0.117.0 (api) - DEBUG - POST to endpoint: feed/reels_tray/ returned response: <Response [200]>
2020-09-27 12:34:24,428 - instabot version: 0.117.0 (api) - DEBUG - POST to endpoint: feed/timeline/ returned response: <Response [200]>
2020-09-27 12:34:24,833 - instabot version: 0.117.0 (api) - DEBUG - GET to endpoint: media/blocked/ returned response: <Response [200]>
2020-09-27 12:34:25,599 - instabot version: 0.117.0 (api) - DEBUG - GET to endpoint: news/inbox/ returned response: <Response [200]>
2020-09-27 12:34:26,140 - instabot version: 0.117.0 (api) - DEBUG - GET to endpoint: loom/fetch_config/ returned response: <Response [200]>
2020-09-27 12:34:26,717 - instabot version: 0.117.0 (api) - DEBUG - GET to endpoint: scores/bootstrap/users/?surfaces=["autocomplete_user_list","coefficient_besties_list_ranking","coefficient_rank_recipient_user_suggestion","coefficient_ios_section_test_bootstrap_ranking","coefficient_direct_recipients_ranking_variant_2"] returned response: <Response [200]>
2020-09-27 12:34:27,128 - instabot version: 0.117.0 (api) - DEBUG - GET to endpoint: business/eligibility/get_monetization_products_eligibility_data/?product_types=branded_content returned response: <Response [200]>
2020-09-27 12:34:27,475 - instabot version: 0.117.0 (api) - DEBUG - GET to endpoint: business/branded_content/should_require_professional_account/ returned response: <Response [200]>
2020-09-27 12:34:27,947 - instabot version: 0.117.0 (api) - DEBUG - GET to endpoint: linked_accounts/get_linkage_status/ returned response: <Response [200]>
2020-09-27 12:34:28,422 - instabot version: 0.117.0 (api) - DEBUG - GET to endpoint: locations/request_country/ returned response: <Response [200]>
2020-09-27 12:34:28,829 - instabot version: 0.117.0 (api) - DEBUG - GET to endpoint: qp/get_cooldowns/?signed_body=signed_body=4b9c516a5410a3bc128e09c6104a7f042146b9c2023870560c63a43a7f66781c.4&ig_sig_key_version=4&ig_sig_key_version=4 returned response: <Response [200]>
2020-09-27 12:34:29,218 - instabot version: 0.117.0 (api) - DEBUG - GET to endpoint: users/arlink_download_info/?version_override=2.2.1 returned response: <Response [200]>
2020-09-27 12:34:30,466 - instabot version: 0.117.0 (api) - DEBUG - GET to endpoint: users/42977340956/info/ returned response: <Response [500]>
2020-09-27 12:34:30,466 - instabot version: 0.117.0 (api) - DEBUG - Responsecode indicates error; response content: b'Oops, an error occurred.\n'
2020-09-27 12:34:30,467 - instabot version: 0.117.0 (api) - ERROR - Request returns 500 error!
2020-09-27 12:34:30,468 - instabot version: 0.117.0 (api) - ERROR - Error checking for `feedback_required`, response text is not JSON
2020-09-27 12:34:30,468 - instabot version: 0.117.0 (api) - INFO - Full Response: <Response [500]>
2020-09-27 12:34:30,469 - instabot version: 0.117.0 (api) - INFO - Response Text: Oops, an error occurred.

2020-09-27 12:34:30,470 - instabot version: 0.117.0 (api) - ERROR - Error unknown send request
2020-09-27 12:34:30,960 - instabot version: 0.117.0 (api) - DEBUG - GET to endpoint: direct_v2/get_presence/ returned response: <Response [200]>
2020-09-27 12:34:31,395 - instabot version: 0.117.0 (api) - DEBUG - GET to endpoint: direct_v2/inbox/?visual_message_return_type=unseen&thread_message_limit=10&persistentBadging=true&limit=20 returned response: <Response [200]>
2020-09-27 12:34:31,817 - instabot version: 0.117.0 (api) - DEBUG - GET to endpoint: direct_v2/inbox/?visual_message_return_type=unseen&persistentBadging=true&limit=0 returned response: <Response [200]>
2020-09-27 12:34:33,415 - instabot version: 0.117.0 (api) - DEBUG - GET to endpoint: discover/topical_explore/?is_prefetch=true&omit_cover_media=true&use_sectional_payload=true&timezone_offset=0&session_id=2bd4f383-a210-4aa7-be4c-ea208a7062c3&include_fixed_destinations=true returned response: <Response [200]>
2020-09-27 12:34:33,864 - instabot version: 0.117.0 (api) - DEBUG - POST to endpoint: notifications/badge/ returned response: <Response [200]>
2020-09-27 12:34:34,437 - instabot version: 0.117.0 (api) - DEBUG - POST to endpoint: qp/batch_fetch/ returned response: <Response [200]>
2020-09-27 12:34:34,438 - instabot version: 0.117.0 (bot_checkpoint) - DEBUG - Loading Checkpoint file from: /Users/Apple/Desktop/HereWeGo/config/HereWeGo.SIK.checkpoint
2020-09-27 12:34:38,039 - instabot version: 0.117.0 (api_photo) - ERROR - Photo does not have a compatible photo aspect ratio.
2020-09-27 12:34:38,040 - instabot version: 0.117.0 (bot_photo) - INFO - Photo 'Posts/test1.png' is not uploaded.
2020-09-27 12:34:38,041 - instabot version: 0.117.0 (bot_checkpoint) - DEBUG - Saving Checkpoint file to: /Users/Apple/Desktop/HereWeGo/config/HereWeGo.SIK.checkpoint
2020-09-27 12:34:38,043 - instabot version: 0.117.0 (bot) - INFO - Total requests: 31
